Connecting to database specified by database.yml
Connecting to database specified by database.yml
Connecting to database specified by database.yml
Connecting to database specified by database.yml
  [1m[36m (0.5ms)[0m  [1mselect sqlite_version(*)[0m
  [1m[35m (1.2ms)[0m  CREATE TABLE "schema_migrations" ("version" varchar(255) NOT NULL) 
  [1m[36m (1.0ms)[0m  [1mCREATE UNIQUE INDEX "unique_schema_migrations" ON "schema_migrations" ("version")[0m
  [1m[35m (3.5ms)[0m  SELECT "schema_migrations"."version" FROM "schema_migrations" 
Migrating to DeviseCreateUsers (20131020081922)
  [1m[36m (0.0ms)[0m  [1mbegin transaction[0m
  [1m[35m (0.6ms)[0m  CREATE TABLE "users" ("id" INTEGER PRIMARY KEY AUTOINCREMENT NOT NULL, "email" varchar(255) DEFAULT '' NOT NULL, "encrypted_password" varchar(255) DEFAULT '' NOT NULL, "reset_password_token" varchar(255), "reset_password_sent_at" datetime, "remember_created_at" datetime, "sign_in_count" integer DEFAULT 0 NOT NULL, "current_sign_in_at" datetime, "last_sign_in_at" datetime, "current_sign_in_ip" varchar(255), "last_sign_in_ip" varchar(255), "created_at" datetime NOT NULL, "updated_at" datetime NOT NULL) 
  [1m[36m (0.2ms)[0m  [1mCREATE UNIQUE INDEX "index_users_on_email" ON "users" ("email")[0m
  [1m[35m (0.1ms)[0m  CREATE UNIQUE INDEX "index_users_on_reset_password_token" ON "users" ("reset_password_token")
  [1m[36m (0.1ms)[0m  [1mINSERT INTO "schema_migrations" ("version") VALUES ('20131020081922')[0m
  [1m[35m (0.9ms)[0m  commit transaction
  [1m[36m (0.1ms)[0m  [1mSELECT "schema_migrations"."version" FROM "schema_migrations" [0m
Connecting to database specified by database.yml


Started GET "/assets/rails.png" for 127.0.0.1 at 2013-10-20 13:50:32 +0530
Served asset /rails.png - 200 OK (5ms)
Connecting to database specified by database.yml


Started GET "/assets/rails.png" for 127.0.0.1 at 2013-10-20 13:51:19 +0530
Served asset /rails.png - 304 Not Modified (1ms)
Connecting to database specified by database.yml
Connecting to database specified by database.yml
Connecting to database specified by database.yml


Started GET "/" for 127.0.0.1 at 2013-10-20 13:53:19 +0530
Processing by HomeController#index as HTML
Completed 401 Unauthorized in 4.8ms


Started GET "/users/sign_in" for 127.0.0.1 at 2013-10-20 13:53:19 +0530
Processing by Devise::SessionsController#new as HTML
  Rendered /Users/atverma/.rvm/gems/ruby-1.9.3-p385@hah/gems/devise-3.1.1/app/views/devise/shared/_links.erb (1.2ms)
  Rendered /Users/atverma/.rvm/gems/ruby-1.9.3-p385@hah/gems/devise-3.1.1/app/views/devise/sessions/new.html.erb within layouts/application (7.7ms)
Compiled home.css  (9ms)  (pid 23240)
Compiled application.css  (16ms)  (pid 23240)
Compiled jquery.js  (1ms)  (pid 23240)
Compiled jquery_ujs.js  (0ms)  (pid 23240)
Compiled home.js  (196ms)  (pid 23240)
Compiled application.js  (225ms)  (pid 23240)
Completed 200 OK in 352.8ms (Views: 322.8ms | ActiveRecord: 1.8ms)


Started GET "/assets/application.css?body=1" for 127.0.0.1 at 2013-10-20 13:53:20 +0530
Served asset /application.css - 200 OK (4ms)


Started GET "/assets/home.css?body=1" for 127.0.0.1 at 2013-10-20 13:53:20 +0530
Served asset /home.css - 200 OK (1ms)


Started GET "/assets/jquery.js?body=1" for 127.0.0.1 at 2013-10-20 13:53:20 +0530
Served asset /jquery.js - 200 OK (2ms)


Started GET "/assets/application.js?body=1" for 127.0.0.1 at 2013-10-20 13:53:20 +0530
Served asset /application.js - 200 OK (4ms)


Started GET "/assets/home.js?body=1" for 127.0.0.1 at 2013-10-20 13:53:20 +0530
Served asset /home.js - 200 OK (1ms)


Started GET "/assets/jquery_ujs.js?body=1" for 127.0.0.1 at 2013-10-20 13:53:20 +0530
Served asset /jquery_ujs.js - 200 OK (1ms)
Connecting to database specified by database.yml
Connecting to database specified by database.yml


Started GET "/users/sign_in" for 127.0.0.1 at 2013-10-20 13:54:19 +0530
Processing by Devise::SessionsController#new as HTML
  Rendered devise/shared/_links.erb (1.2ms)
  Rendered devise/sessions/new.html.erb within layouts/application (12.4ms)
Completed 200 OK in 73.2ms (Views: 46.0ms | ActiveRecord: 2.0ms)


Started GET "/assets/application.css?body=1" for 127.0.0.1 at 2013-10-20 13:54:19 +0530
Served asset /application.css - 304 Not Modified (5ms)


Started GET "/assets/home.css?body=1" for 127.0.0.1 at 2013-10-20 13:54:19 +0530
Served asset /home.css - 304 Not Modified (1ms)


Started GET "/assets/jquery_ujs.js?body=1" for 127.0.0.1 at 2013-10-20 13:54:19 +0530
Served asset /jquery_ujs.js - 304 Not Modified (1ms)


Started GET "/assets/jquery.js?body=1" for 127.0.0.1 at 2013-10-20 13:54:19 +0530
Served asset /jquery.js - 304 Not Modified (2ms)


Started GET "/assets/home.js?body=1" for 127.0.0.1 at 2013-10-20 13:54:19 +0530
Served asset /home.js - 304 Not Modified (1ms)


Started GET "/assets/application.js?body=1" for 127.0.0.1 at 2013-10-20 13:54:19 +0530
Served asset /application.js - 304 Not Modified (4ms)


Started GET "/" for 127.0.0.1 at 2013-10-20 13:54:22 +0530
Processing by HomeController#index as HTML
Completed 401 Unauthorized in 0.5ms


Started GET "/users/sign_in" for 127.0.0.1 at 2013-10-20 13:54:22 +0530
Processing by Devise::SessionsController#new as HTML
  Rendered devise/shared/_links.erb (0.4ms)
  Rendered devise/sessions/new.html.erb within layouts/application (2.8ms)
Completed 200 OK in 7.0ms (Views: 6.4ms | ActiveRecord: 0.0ms)


Started GET "/assets/application.css?body=1" for 127.0.0.1 at 2013-10-20 13:54:22 +0530
Served asset /application.css - 304 Not Modified (0ms)


Started GET "/assets/jquery.js?body=1" for 127.0.0.1 at 2013-10-20 13:54:22 +0530
Served asset /jquery.js - 304 Not Modified (0ms)


Started GET "/assets/home.css?body=1" for 127.0.0.1 at 2013-10-20 13:54:22 +0530
Served asset /home.css - 304 Not Modified (0ms)


Started GET "/assets/home.js?body=1" for 127.0.0.1 at 2013-10-20 13:54:22 +0530
Served asset /home.js - 304 Not Modified (0ms)


Started GET "/assets/jquery_ujs.js?body=1" for 127.0.0.1 at 2013-10-20 13:54:22 +0530
Served asset /jquery_ujs.js - 304 Not Modified (0ms)


Started GET "/assets/application.js?body=1" for 127.0.0.1 at 2013-10-20 13:54:22 +0530
Served asset /application.js - 304 Not Modified (0ms)


Started GET "/users/sign_up" for 127.0.0.1 at 2013-10-20 13:54:29 +0530
Processing by Devise::RegistrationsController#new as HTML
  Rendered devise/shared/_links.erb (0.2ms)
  Rendered devise/registrations/new.html.erb within layouts/application (3.2ms)
Completed 200 OK in 8.0ms (Views: 7.2ms | ActiveRecord: 0.0ms)


Started GET "/assets/application.css?body=1" for 127.0.0.1 at 2013-10-20 13:54:29 +0530
Served asset /application.css - 304 Not Modified (0ms)


Started GET "/assets/home.css?body=1" for 127.0.0.1 at 2013-10-20 13:54:29 +0530
Served asset /home.css - 304 Not Modified (0ms)


Started GET "/assets/jquery.js?body=1" for 127.0.0.1 at 2013-10-20 13:54:29 +0530
Served asset /jquery.js - 304 Not Modified (0ms)


Started GET "/assets/home.js?body=1" for 127.0.0.1 at 2013-10-20 13:54:29 +0530
Served asset /home.js - 304 Not Modified (0ms)


Started GET "/assets/jquery_ujs.js?body=1" for 127.0.0.1 at 2013-10-20 13:54:29 +0530
Served asset /jquery_ujs.js - 304 Not Modified (0ms)


Started GET "/assets/application.js?body=1" for 127.0.0.1 at 2013-10-20 13:54:29 +0530
Served asset /application.js - 304 Not Modified (0ms)


Started GET "/users/password/new" for 127.0.0.1 at 2013-10-20 13:54:32 +0530
Processing by Devise::PasswordsController#new as HTML
  Rendered devise/shared/_links.erb (0.3ms)
  Rendered devise/passwords/new.html.erb within layouts/application (2.4ms)
Completed 200 OK in 6.8ms (Views: 6.2ms | ActiveRecord: 0.0ms)


Started GET "/assets/application.css?body=1" for 127.0.0.1 at 2013-10-20 13:54:32 +0530
Served asset /application.css - 304 Not Modified (0ms)


Started GET "/assets/application.js?body=1" for 127.0.0.1 at 2013-10-20 13:54:32 +0530
Served asset /application.js - 304 Not Modified (0ms)


Started GET "/assets/jquery_ujs.js?body=1" for 127.0.0.1 at 2013-10-20 13:54:32 +0530
Served asset /jquery_ujs.js - 304 Not Modified (0ms)


Started GET "/assets/home.js?body=1" for 127.0.0.1 at 2013-10-20 13:54:32 +0530
Served asset /home.js - 304 Not Modified (0ms)


Started GET "/assets/jquery.js?body=1" for 127.0.0.1 at 2013-10-20 13:54:32 +0530
Served asset /jquery.js - 304 Not Modified (0ms)


Started GET "/assets/home.css?body=1" for 127.0.0.1 at 2013-10-20 13:54:32 +0530
Served asset /home.css - 304 Not Modified (0ms)
Connecting to database specified by database.yml
Connecting to database specified by database.yml
Connecting to database specified by database.yml


Started GET "/" for 127.0.0.1 at 2013-10-20 13:56:13 +0530
Processing by HomeController#index as HTML
Completed 401 Unauthorized in 6.0ms


Started GET "/users/sign_in" for 127.0.0.1 at 2013-10-20 13:56:13 +0530
Processing by Devise::SessionsController#new as HTML
  Rendered devise/shared/_links.erb (1.2ms)
  Rendered devise/sessions/new.html.erb within layouts/application (8.8ms)
Completed 200 OK in 70.0ms (Views: 25.5ms | ActiveRecord: 1.8ms)


Started GET "/assets/application.css?body=1" for 127.0.0.1 at 2013-10-20 13:56:13 +0530
Served asset /application.css - 304 Not Modified (2ms)


Started GET "/assets/jquery.js?body=1" for 127.0.0.1 at 2013-10-20 13:56:13 +0530
Served asset /jquery.js - 304 Not Modified (4ms)


Started GET "/assets/home.css?body=1" for 127.0.0.1 at 2013-10-20 13:56:13 +0530
Served asset /home.css - 304 Not Modified (1ms)


Started GET "/assets/home.js?body=1" for 127.0.0.1 at 2013-10-20 13:56:13 +0530
Served asset /home.js - 304 Not Modified (1ms)


Started GET "/assets/jquery_ujs.js?body=1" for 127.0.0.1 at 2013-10-20 13:56:13 +0530
Served asset /jquery_ujs.js - 304 Not Modified (1ms)


Started GET "/assets/application.js?body=1" for 127.0.0.1 at 2013-10-20 13:56:13 +0530
Served asset /application.js - 304 Not Modified (3ms)
Connecting to database specified by database.yml
  [1m[36m (1.0ms)[0m  [1mSELECT "schema_migrations"."version" FROM "schema_migrations" [0m
Migrating to DeviseCreateUsers (20131020081922)
Migrating to DeviseCreateAdmins (20131020082544)
  [1m[35m (0.0ms)[0m  select sqlite_version(*)
  [1m[36m (0.0ms)[0m  [1mbegin transaction[0m
  [1m[35m (0.4ms)[0m  CREATE TABLE "admins" ("id" INTEGER PRIMARY KEY AUTOINCREMENT NOT NULL, "email" varchar(255) DEFAULT '' NOT NULL, "encrypted_password" varchar(255) DEFAULT '' NOT NULL, "reset_password_token" varchar(255), "reset_password_sent_at" datetime, "remember_created_at" datetime, "sign_in_count" integer DEFAULT 0 NOT NULL, "current_sign_in_at" datetime, "last_sign_in_at" datetime, "current_sign_in_ip" varchar(255), "last_sign_in_ip" varchar(255), "created_at" datetime NOT NULL, "updated_at" datetime NOT NULL) 
  [1m[36m (0.2ms)[0m  [1mCREATE UNIQUE INDEX "index_admins_on_email" ON "admins" ("email")[0m
  [1m[35m (0.1ms)[0m  CREATE UNIQUE INDEX "index_admins_on_reset_password_token" ON "admins" ("reset_password_token")
  [1m[36m (0.1ms)[0m  [1mINSERT INTO "schema_migrations" ("version") VALUES ('20131020082544')[0m
  [1m[35m (2.4ms)[0m  commit transaction
  [1m[36m (0.1ms)[0m  [1mSELECT "schema_migrations"."version" FROM "schema_migrations" [0m


Started GET "/users/sign_in" for 127.0.0.1 at 2013-10-20 13:56:33 +0530
Processing by Devise::SessionsController#new as HTML
  Rendered devise/shared/_links.erb (0.3ms)
  Rendered devise/sessions/new.html.erb within layouts/application (2.7ms)
Completed 200 OK in 37.7ms (Views: 6.3ms | ActiveRecord: 0.5ms)


Started GET "/assets/application.css?body=1" for 127.0.0.1 at 2013-10-20 13:56:33 +0530
Served asset /application.css - 304 Not Modified (0ms)


Started GET "/assets/home.css?body=1" for 127.0.0.1 at 2013-10-20 13:56:33 +0530
Served asset /home.css - 304 Not Modified (0ms)


Started GET "/assets/jquery.js?body=1" for 127.0.0.1 at 2013-10-20 13:56:33 +0530
Served asset /jquery.js - 304 Not Modified (0ms)


Started GET "/assets/home.js?body=1" for 127.0.0.1 at 2013-10-20 13:56:33 +0530
Served asset /home.js - 304 Not Modified (0ms)


Started GET "/assets/jquery_ujs.js?body=1" for 127.0.0.1 at 2013-10-20 13:56:33 +0530
Served asset /jquery_ujs.js - 304 Not Modified (0ms)


Started GET "/assets/application.js?body=1" for 127.0.0.1 at 2013-10-20 13:56:33 +0530
Served asset /application.js - 304 Not Modified (0ms)
Connecting to database specified by database.yml
Connecting to database specified by database.yml
  [1m[36m (1.1ms)[0m  [1mSELECT "schema_migrations"."version" FROM "schema_migrations" [0m
Migrating to DeviseCreateUsers (20131020081922)
Migrating to DeviseCreateAdmins (20131020082544)
  [1m[35m (0.1ms)[0m  select sqlite_version(*)
  [1m[36m (0.1ms)[0m  [1mSELECT "schema_migrations"."version" FROM "schema_migrations" [0m
Connecting to database specified by database.yml
  [1m[36m (1.0ms)[0m  [1mSELECT "schema_migrations"."version" FROM "schema_migrations" [0m
  [1m[35m (0.0ms)[0m  begin transaction
  [1m[36mAdmin Exists (0.1ms)[0m  [1mSELECT 1 AS one FROM "admins" WHERE "admins"."email" = 'admin@cp.com' LIMIT 1[0m
  [1m[35m (0.0ms)[0m  rollback transaction


Started GET "/users/sign_in" for 127.0.0.1 at 2013-10-20 13:59:32 +0530
Processing by Devise::SessionsController#new as HTML
  Rendered devise/shared/_links.erb (0.3ms)
  Rendered devise/sessions/new.html.erb within layouts/application (2.9ms)
Completed 200 OK in 36.6ms (Views: 6.6ms | ActiveRecord: 0.5ms)


Started GET "/assets/application.css?body=1" for 127.0.0.1 at 2013-10-20 13:59:32 +0530
Served asset /application.css - 304 Not Modified (0ms)


Started GET "/assets/home.css?body=1" for 127.0.0.1 at 2013-10-20 13:59:32 +0530
Served asset /home.css - 304 Not Modified (0ms)


Started GET "/assets/jquery.js?body=1" for 127.0.0.1 at 2013-10-20 13:59:32 +0530
Served asset /jquery.js - 304 Not Modified (0ms)


Started GET "/assets/application.js?body=1" for 127.0.0.1 at 2013-10-20 13:59:32 +0530
Served asset /application.js - 304 Not Modified (0ms)


Started GET "/assets/home.js?body=1" for 127.0.0.1 at 2013-10-20 13:59:32 +0530
Served asset /home.js - 304 Not Modified (0ms)


Started GET "/assets/jquery_ujs.js?body=1" for 127.0.0.1 at 2013-10-20 13:59:32 +0530
Served asset /jquery_ujs.js - 304 Not Modified (0ms)


Started POST "/users/sign_in" for 127.0.0.1 at 2013-10-20 13:59:40 +0530
Processing by Devise::SessionsController#create as HTML
  Parameters: {"utf8"=>"✓", "authenticity_token"=>"bFPUrIIsuzRZpvnrPl7GsLuItEGAPn+cciVvtPZxu/g=", "user"=>{"email"=>"admin@cp.com", "password"=>"[FILTERED]", "remember_me"=>"0"}, "commit"=>"Sign in"}
  [1m[36mUser Load (0.2ms)[0m  [1mSELECT "users".* FROM "users" WHERE "users"."email" = 'admin@cp.com' LIMIT 1[0m
Completed 401 Unauthorized in 10.7ms
Processing by Devise::SessionsController#new as HTML
  Parameters: {"utf8"=>"✓", "authenticity_token"=>"bFPUrIIsuzRZpvnrPl7GsLuItEGAPn+cciVvtPZxu/g=", "user"=>{"email"=>"admin@cp.com", "password"=>"[FILTERED]", "remember_me"=>"0"}, "commit"=>"Sign in"}
  Rendered devise/shared/_links.erb (0.4ms)
  Rendered devise/sessions/new.html.erb within layouts/application (3.3ms)
Completed 200 OK in 78.4ms (Views: 7.0ms | ActiveRecord: 0.0ms)


Started GET "/assets/application.css?body=1" for 127.0.0.1 at 2013-10-20 13:59:40 +0530
Served asset /application.css - 304 Not Modified (0ms)


Started GET "/assets/application.js?body=1" for 127.0.0.1 at 2013-10-20 13:59:40 +0530
Served asset /application.js - 304 Not Modified (0ms)


Started GET "/assets/home.js?body=1" for 127.0.0.1 at 2013-10-20 13:59:40 +0530
Served asset /home.js - 304 Not Modified (0ms)


Started GET "/assets/home.css?body=1" for 127.0.0.1 at 2013-10-20 13:59:40 +0530
Served asset /home.css - 304 Not Modified (0ms)


Started GET "/assets/jquery_ujs.js?body=1" for 127.0.0.1 at 2013-10-20 13:59:40 +0530
Served asset /jquery_ujs.js - 304 Not Modified (0ms)


Started GET "/assets/jquery.js?body=1" for 127.0.0.1 at 2013-10-20 13:59:40 +0530
Served asset /jquery.js - 304 Not Modified (0ms)
Connecting to database specified by database.yml
Binary data inserted for `string` type on column `encrypted_password`


Started POST "/users/sign_in" for 127.0.0.1 at 2013-10-20 14:01:20 +0530
Processing by Devise::SessionsController#create as HTML
  Parameters: {"utf8"=>"✓", "authenticity_token"=>"bFPUrIIsuzRZpvnrPl7GsLuItEGAPn+cciVvtPZxu/g=", "user"=>{"email"=>"admin@cp.com", "password"=>"[FILTERED]", "remember_me"=>"0"}, "commit"=>"Sign in"}
  [1m[35mUser Load (0.2ms)[0m  SELECT "users".* FROM "users" WHERE "users"."email" = 'admin@cp.com' LIMIT 1
Completed 401 Unauthorized in 1.3ms
Processing by Devise::SessionsController#new as HTML
  Parameters: {"utf8"=>"✓", "authenticity_token"=>"bFPUrIIsuzRZpvnrPl7GsLuItEGAPn+cciVvtPZxu/g=", "user"=>{"email"=>"admin@cp.com", "password"=>"[FILTERED]", "remember_me"=>"0"}, "commit"=>"Sign in"}
  Rendered devise/shared/_links.erb (0.3ms)
  Rendered devise/sessions/new.html.erb within layouts/application (2.3ms)
Completed 200 OK in 77.1ms (Views: 5.8ms | ActiveRecord: 0.0ms)


Started GET "/assets/application.css?body=1" for 127.0.0.1 at 2013-10-20 14:01:20 +0530
Served asset /application.css - 304 Not Modified (0ms)


Started GET "/assets/jquery.js?body=1" for 127.0.0.1 at 2013-10-20 14:01:20 +0530
Served asset /jquery.js - 304 Not Modified (0ms)


Started GET "/assets/application.js?body=1" for 127.0.0.1 at 2013-10-20 14:01:20 +0530
Served asset /application.js - 304 Not Modified (0ms)


Started GET "/assets/home.js?body=1" for 127.0.0.1 at 2013-10-20 14:01:20 +0530
Served asset /home.js - 304 Not Modified (0ms)


Started GET "/assets/home.css?body=1" for 127.0.0.1 at 2013-10-20 14:01:20 +0530
Served asset /home.css - 304 Not Modified (0ms)


Started GET "/assets/jquery_ujs.js?body=1" for 127.0.0.1 at 2013-10-20 14:01:20 +0530
Served asset /jquery_ujs.js - 304 Not Modified (0ms)
Connecting to database specified by database.yml


Started GET "/" for 127.0.0.1 at 2013-10-20 14:01:36 +0530
Processing by HomeController#index as HTML
Completed 401 Unauthorized in 5.6ms


Started GET "/users/sign_in" for 127.0.0.1 at 2013-10-20 14:01:37 +0530
Processing by Devise::SessionsController#new as HTML
  Rendered devise/shared/_links.erb (1.2ms)
  Rendered devise/sessions/new.html.erb within layouts/application (8.4ms)
Completed 200 OK in 72.5ms (Views: 27.2ms | ActiveRecord: 1.7ms)


Started GET "/assets/application.css?body=1" for 127.0.0.1 at 2013-10-20 14:01:37 +0530
Served asset /application.css - 304 Not Modified (4ms)


Started GET "/assets/jquery_ujs.js?body=1" for 127.0.0.1 at 2013-10-20 14:01:37 +0530
Served asset /jquery_ujs.js - 304 Not Modified (5ms)


Started GET "/assets/home.css?body=1" for 127.0.0.1 at 2013-10-20 14:01:37 +0530
Served asset /home.css - 304 Not Modified (1ms)


Started GET "/assets/application.js?body=1" for 127.0.0.1 at 2013-10-20 14:01:37 +0530
Served asset /application.js - 304 Not Modified (3ms)


Started GET "/assets/jquery.js?body=1" for 127.0.0.1 at 2013-10-20 14:01:37 +0530
Served asset /jquery.js - 304 Not Modified (2ms)


Started GET "/assets/home.js?body=1" for 127.0.0.1 at 2013-10-20 14:01:37 +0530
Served asset /home.js - 304 Not Modified (1ms)


Started POST "/users/sign_in" for 127.0.0.1 at 2013-10-20 14:01:40 +0530
Processing by Devise::SessionsController#create as HTML
  Parameters: {"utf8"=>"✓", "authenticity_token"=>"bFPUrIIsuzRZpvnrPl7GsLuItEGAPn+cciVvtPZxu/g=", "user"=>{"email"=>"admin@cp.com", "password"=>"[FILTERED]", "remember_me"=>"0"}, "commit"=>"Sign in"}
  [1m[36mUser Load (0.2ms)[0m  [1mSELECT "users".* FROM "users" WHERE "users"."email" = 'admin@cp.com' LIMIT 1[0m
Completed 401 Unauthorized in 8.5ms
Processing by Devise::SessionsController#new as HTML
  Parameters: {"utf8"=>"✓", "authenticity_token"=>"bFPUrIIsuzRZpvnrPl7GsLuItEGAPn+cciVvtPZxu/g=", "user"=>{"email"=>"admin@cp.com", "password"=>"[FILTERED]", "remember_me"=>"0"}, "commit"=>"Sign in"}
  Rendered devise/shared/_links.erb (0.4ms)
  Rendered devise/sessions/new.html.erb within layouts/application (2.8ms)
Completed 200 OK in 76.5ms (Views: 6.5ms | ActiveRecord: 0.0ms)


Started GET "/assets/application.css?body=1" for 127.0.0.1 at 2013-10-20 14:01:40 +0530
Served asset /application.css - 304 Not Modified (0ms)


Started GET "/assets/jquery.js?body=1" for 127.0.0.1 at 2013-10-20 14:01:40 +0530
Served asset /jquery.js - 304 Not Modified (0ms)


Started GET "/assets/home.css?body=1" for 127.0.0.1 at 2013-10-20 14:01:40 +0530
Served asset /home.css - 304 Not Modified (0ms)


Started GET "/assets/home.js?body=1" for 127.0.0.1 at 2013-10-20 14:01:40 +0530
Served asset /home.js - 304 Not Modified (0ms)


Started GET "/assets/jquery_ujs.js?body=1" for 127.0.0.1 at 2013-10-20 14:01:40 +0530
Served asset /jquery_ujs.js - 304 Not Modified (0ms)


Started GET "/assets/application.js?body=1" for 127.0.0.1 at 2013-10-20 14:01:40 +0530
Served asset /application.js - 304 Not Modified (0ms)


Started POST "/users/sign_in" for 127.0.0.1 at 2013-10-20 14:01:56 +0530
Processing by Devise::SessionsController#create as HTML
  Parameters: {"utf8"=>"✓", "authenticity_token"=>"bFPUrIIsuzRZpvnrPl7GsLuItEGAPn+cciVvtPZxu/g=", "user"=>{"email"=>"admin@cp.com", "password"=>"[FILTERED]", "remember_me"=>"0"}, "commit"=>"Sign in"}
  [1m[35mUser Load (0.2ms)[0m  SELECT "users".* FROM "users" WHERE "users"."email" = 'admin@cp.com' LIMIT 1
Completed 401 Unauthorized in 1.4ms
Processing by Devise::SessionsController#new as HTML
  Parameters: {"utf8"=>"✓", "authenticity_token"=>"bFPUrIIsuzRZpvnrPl7GsLuItEGAPn+cciVvtPZxu/g=", "user"=>{"email"=>"admin@cp.com", "password"=>"[FILTERED]", "remember_me"=>"0"}, "commit"=>"Sign in"}
  Rendered devise/shared/_links.erb (0.3ms)
  Rendered devise/sessions/new.html.erb within layouts/application (2.2ms)
Completed 200 OK in 75.1ms (Views: 5.4ms | ActiveRecord: 0.0ms)


Started GET "/assets/application.css?body=1" for 127.0.0.1 at 2013-10-20 14:01:56 +0530
Served asset /application.css - 304 Not Modified (0ms)


Started GET "/assets/home.js?body=1" for 127.0.0.1 at 2013-10-20 14:01:56 +0530
Served asset /home.js - 304 Not Modified (0ms)


Started GET "/assets/jquery.js?body=1" for 127.0.0.1 at 2013-10-20 14:01:56 +0530
Served asset /jquery.js - 304 Not Modified (0ms)


Started GET "/assets/jquery_ujs.js?body=1" for 127.0.0.1 at 2013-10-20 14:01:56 +0530
Served asset /jquery_ujs.js - 304 Not Modified (0ms)


Started GET "/assets/home.css?body=1" for 127.0.0.1 at 2013-10-20 14:01:56 +0530
Served asset /home.css - 304 Not Modified (0ms)


Started GET "/assets/application.js?body=1" for 127.0.0.1 at 2013-10-20 14:01:56 +0530
Served asset /application.js - 304 Not Modified (0ms)


Started GET "/users/sign_up" for 127.0.0.1 at 2013-10-20 14:04:51 +0530
Processing by Devise::RegistrationsController#new as HTML
  Rendered devise/shared/_links.erb (0.2ms)
  Rendered devise/registrations/new.html.erb within layouts/application (3.0ms)
Completed 200 OK in 7.8ms (Views: 6.9ms | ActiveRecord: 0.0ms)


Started GET "/assets/application.css?body=1" for 127.0.0.1 at 2013-10-20 14:04:51 +0530
Served asset /application.css - 304 Not Modified (0ms)


Started GET "/assets/home.css?body=1" for 127.0.0.1 at 2013-10-20 14:04:51 +0530
Served asset /home.css - 304 Not Modified (0ms)


Started GET "/assets/jquery.js?body=1" for 127.0.0.1 at 2013-10-20 14:04:51 +0530
Served asset /jquery.js - 304 Not Modified (0ms)


Started GET "/assets/jquery_ujs.js?body=1" for 127.0.0.1 at 2013-10-20 14:04:51 +0530
Served asset /jquery_ujs.js - 304 Not Modified (0ms)


Started GET "/assets/application.js?body=1" for 127.0.0.1 at 2013-10-20 14:04:51 +0530
Served asset /application.js - 304 Not Modified (0ms)


Started GET "/assets/home.js?body=1" for 127.0.0.1 at 2013-10-20 14:04:51 +0530
Served asset /home.js - 304 Not Modified (0ms)


Started POST "/users" for 127.0.0.1 at 2013-10-20 14:04:59 +0530
Processing by Devise::RegistrationsController#create as HTML
  Parameters: {"utf8"=>"✓", "authenticity_token"=>"bFPUrIIsuzRZpvnrPl7GsLuItEGAPn+cciVvtPZxu/g=", "user"=>{"email"=>"a@a.com", "password"=>"[FILTERED]", "password_confirmation"=>"[FILTERED]"}, "commit"=>"Sign up"}
  [1m[36m (0.1ms)[0m  [1mbegin transaction[0m
  [1m[35mUser Exists (0.1ms)[0m  SELECT 1 AS one FROM "users" WHERE "users"."email" = 'a@a.com' LIMIT 1
  [1m[36m (0.0ms)[0m  [1mrollback transaction[0m
  Rendered devise/shared/_links.erb (0.2ms)
  Rendered devise/registrations/new.html.erb within layouts/application (3.4ms)
Completed 200 OK in 121.0ms (Views: 7.2ms | ActiveRecord: 0.0ms)


Started GET "/assets/application.css?body=1" for 127.0.0.1 at 2013-10-20 14:05:00 +0530
Served asset /application.css - 304 Not Modified (0ms)


Started GET "/assets/jquery.js?body=1" for 127.0.0.1 at 2013-10-20 14:05:00 +0530
Served asset /jquery.js - 304 Not Modified (0ms)


Started GET "/assets/jquery_ujs.js?body=1" for 127.0.0.1 at 2013-10-20 14:05:00 +0530
Served asset /jquery_ujs.js - 304 Not Modified (0ms)


Started GET "/assets/home.css?body=1" for 127.0.0.1 at 2013-10-20 14:05:00 +0530
Served asset /home.css - 304 Not Modified (0ms)


Started GET "/assets/application.js?body=1" for 127.0.0.1 at 2013-10-20 14:05:00 +0530
Served asset /application.js - 304 Not Modified (0ms)


Started GET "/assets/home.js?body=1" for 127.0.0.1 at 2013-10-20 14:05:00 +0530
Served asset /home.js - 304 Not Modified (0ms)


Started POST "/users" for 127.0.0.1 at 2013-10-20 14:05:07 +0530
Processing by Devise::RegistrationsController#create as HTML
  Parameters: {"utf8"=>"✓", "authenticity_token"=>"bFPUrIIsuzRZpvnrPl7GsLuItEGAPn+cciVvtPZxu/g=", "user"=>{"email"=>"a@a.com", "password"=>"[FILTERED]", "password_confirmation"=>"[FILTERED]"}, "commit"=>"Sign up"}
  [1m[35m (0.1ms)[0m  begin transaction
  [1m[36mUser Exists (0.1ms)[0m  [1mSELECT 1 AS one FROM "users" WHERE "users"."email" = 'a@a.com' LIMIT 1[0m
Binary data inserted for `string` type on column `encrypted_password`
  [1m[35mSQL (3.1ms)[0m  INSERT INTO "users" ("created_at", "current_sign_in_at", "current_sign_in_ip", "email", "encrypted_password", "last_sign_in_at", "last_sign_in_ip", "remember_created_at", "reset_password_sent_at", "reset_password_token", "sign_in_count", "updated_at") VALUES (?, ?, ?, ?, ?, ?, ?, ?, ?, ?, ?, ?)  [["created_at", Sun, 20 Oct 2013 08:35:07 UTC +00:00], ["current_sign_in_at", nil], ["current_sign_in_ip", nil], ["email", "a@a.com"], ["encrypted_password", "$2a$10$1tuZlGjbeGTw3X9yhfkS4.e8BDJfQLy6cbE8doz1nMrRtfCWZsy86"], ["last_sign_in_at", nil], ["last_sign_in_ip", nil], ["remember_created_at", nil], ["reset_password_sent_at", nil], ["reset_password_token", nil], ["sign_in_count", 0], ["updated_at", Sun, 20 Oct 2013 08:35:07 UTC +00:00]]
  [1m[36m (2.0ms)[0m  [1mcommit transaction[0m
  [1m[35m (0.0ms)[0m  begin transaction
  [1m[36m (0.2ms)[0m  [1mUPDATE "users" SET "last_sign_in_at" = '2013-10-20 08:35:07.467021', "current_sign_in_at" = '2013-10-20 08:35:07.467021', "last_sign_in_ip" = '127.0.0.1', "current_sign_in_ip" = '127.0.0.1', "sign_in_count" = 1, "updated_at" = '2013-10-20 08:35:07.467691' WHERE "users"."id" = 1[0m
  [1m[35m (0.8ms)[0m  commit transaction
Redirected to http://localhost:3000/
Completed 302 Found in 84.4ms (ActiveRecord: 0.0ms)


Started GET "/" for 127.0.0.1 at 2013-10-20 14:05:07 +0530
Processing by HomeController#index as HTML
  [1m[36mUser Load (0.2ms)[0m  [1mSELECT "users".* FROM "users" WHERE "users"."id" = 1 LIMIT 1[0m
  Rendered home/index.html.erb within layouts/application (0.3ms)
Completed 200 OK in 5.2ms (Views: 3.9ms | ActiveRecord: 0.2ms)


Started GET "/assets/application.css?body=1" for 127.0.0.1 at 2013-10-20 14:05:07 +0530
Served asset /application.css - 304 Not Modified (0ms)


Started GET "/assets/jquery.js?body=1" for 127.0.0.1 at 2013-10-20 14:05:07 +0530
Served asset /jquery.js - 304 Not Modified (0ms)


Started GET "/assets/home.css?body=1" for 127.0.0.1 at 2013-10-20 14:05:07 +0530
Served asset /home.css - 304 Not Modified (0ms)


Started GET "/assets/application.js?body=1" for 127.0.0.1 at 2013-10-20 14:05:07 +0530
Served asset /application.js - 304 Not Modified (0ms)


Started GET "/assets/home.js?body=1" for 127.0.0.1 at 2013-10-20 14:05:07 +0530
Served asset /home.js - 304 Not Modified (0ms)


Started GET "/assets/jquery_ujs.js?body=1" for 127.0.0.1 at 2013-10-20 14:05:07 +0530
Served asset /jquery_ujs.js - 304 Not Modified (0ms)
Connecting to database specified by database.yml
  [1m[36m (1.0ms)[0m  [1mSELECT "schema_migrations"."version" FROM "schema_migrations" [0m
Migrating to DeviseCreateUsers (20131020081922)
Migrating to DeviseCreateAdmins (20131020082544)
  [1m[35m (0.0ms)[0m  select sqlite_version(*)
  [1m[36m (0.1ms)[0m  [1mSELECT "schema_migrations"."version" FROM "schema_migrations" [0m
Connecting to database specified by database.yml


Started GET "/" for 127.0.0.1 at 2013-10-20 14:09:02 +0530
Processing by HomeController#index as HTML
  [1m[36mUser Load (0.1ms)[0m  [1mSELECT "users".* FROM "users" WHERE "users"."id" = 1 LIMIT 1[0m
  Rendered home/index.html.erb within layouts/application (1.6ms)
Completed 200 OK in 68.7ms (Views: 18.9ms | ActiveRecord: 1.6ms)


Started GET "/assets/application.css?body=1" for 127.0.0.1 at 2013-10-20 14:09:02 +0530
Served asset /application.css - 304 Not Modified (5ms)


Started GET "/assets/home.css?body=1" for 127.0.0.1 at 2013-10-20 14:09:02 +0530
Served asset /home.css - 304 Not Modified (1ms)


Started GET "/assets/jquery.js?body=1" for 127.0.0.1 at 2013-10-20 14:09:02 +0530
Served asset /jquery.js - 304 Not Modified (2ms)


Started GET "/assets/jquery_ujs.js?body=1" for 127.0.0.1 at 2013-10-20 14:09:02 +0530
Served asset /jquery_ujs.js - 304 Not Modified (2ms)


Started GET "/assets/application.js?body=1" for 127.0.0.1 at 2013-10-20 14:09:02 +0530
Served asset /application.js - 304 Not Modified (5ms)


Started GET "/assets/home.js?body=1" for 127.0.0.1 at 2013-10-20 14:09:02 +0530
Served asset /home.js - 304 Not Modified (1ms)


Started GET "/" for 127.0.0.1 at 2013-10-20 14:09:10 +0530
Processing by HomeController#index as HTML
Completed 401 Unauthorized in 0.3ms


Started GET "/users/sign_in" for 127.0.0.1 at 2013-10-20 14:09:10 +0530
Processing by Devise::SessionsController#new as HTML
  Rendered devise/shared/_links.erb (1.3ms)
  Rendered devise/sessions/new.html.erb within layouts/application (7.0ms)
Completed 200 OK in 13.6ms (Views: 11.0ms | ActiveRecord: 0.0ms)


Started GET "/assets/application.css?body=1" for 127.0.0.1 at 2013-10-20 14:09:11 +0530
Served asset /application.css - 200 OK (0ms)


Started GET "/assets/home.css?body=1" for 127.0.0.1 at 2013-10-20 14:09:11 +0530
Served asset /home.css - 200 OK (0ms)


Started GET "/assets/application.js?body=1" for 127.0.0.1 at 2013-10-20 14:09:11 +0530
Served asset /application.js - 200 OK (0ms)


Started GET "/assets/jquery.js?body=1" for 127.0.0.1 at 2013-10-20 14:09:11 +0530
Served asset /jquery.js - 200 OK (0ms)


Started GET "/assets/jquery_ujs.js?body=1" for 127.0.0.1 at 2013-10-20 14:09:11 +0530
Served asset /jquery_ujs.js - 200 OK (0ms)


Started GET "/assets/home.js?body=1" for 127.0.0.1 at 2013-10-20 14:09:11 +0530
Served asset /home.js - 200 OK (0ms)


Started POST "/users/sign_in" for 127.0.0.1 at 2013-10-20 14:09:18 +0530
Processing by Devise::SessionsController#create as HTML
  Parameters: {"utf8"=>"✓", "authenticity_token"=>"4Wvu8ry01EPKbzIBX9hPSe/69ctAjNKP//eZ+DzcH3E=", "user"=>{"email"=>"a@a.com", "password"=>"[FILTERED]", "remember_me"=>"0"}, "commit"=>"Sign in"}
  [1m[35mUser Load (0.2ms)[0m  SELECT "users".* FROM "users" WHERE "users"."email" = 'a@a.com' LIMIT 1
  [1m[36m (0.1ms)[0m  [1mbegin transaction[0m
  [1m[35m (1.2ms)[0m  UPDATE "users" SET "current_sign_in_at" = '2013-10-20 08:39:18.467441', "sign_in_count" = 2, "updated_at" = '2013-10-20 08:39:18.469236' WHERE "users"."id" = 1
  [1m[36m (0.9ms)[0m  [1mcommit transaction[0m
Redirected to http://localhost:3000/
Completed 302 Found in 85.2ms (ActiveRecord: 0.0ms)


Started GET "/" for 127.0.0.1 at 2013-10-20 14:09:18 +0530
Processing by HomeController#index as HTML
  [1m[35mUser Load (0.2ms)[0m  SELECT "users".* FROM "users" WHERE "users"."id" = 1 LIMIT 1
  Rendered home/index.html.erb within layouts/application (0.0ms)
Completed 200 OK in 4.2ms (Views: 3.2ms | ActiveRecord: 0.2ms)


Started GET "/assets/jquery.js?body=1" for 127.0.0.1 at 2013-10-20 14:09:18 +0530
Served asset /jquery.js - 304 Not Modified (0ms)


Started GET "/assets/home.js?body=1" for 127.0.0.1 at 2013-10-20 14:09:18 +0530
Served asset /home.js - 304 Not Modified (0ms)


Started GET "/assets/application.css?body=1" for 127.0.0.1 at 2013-10-20 14:09:18 +0530
Served asset /application.css - 304 Not Modified (0ms)


Started GET "/assets/home.css?body=1" for 127.0.0.1 at 2013-10-20 14:09:18 +0530
Served asset /home.css - 304 Not Modified (0ms)


Started GET "/assets/application.js?body=1" for 127.0.0.1 at 2013-10-20 14:09:18 +0530
Served asset /application.js - 304 Not Modified (0ms)


Started GET "/assets/jquery_ujs.js?body=1" for 127.0.0.1 at 2013-10-20 14:09:18 +0530
Served asset /jquery_ujs.js - 304 Not Modified (0ms)


Started GET "/" for 127.0.0.1 at 2013-10-20 14:10:23 +0530
Processing by HomeController#index as HTML
  [1m[36mUser Load (0.2ms)[0m  [1mSELECT "users".* FROM "users" WHERE "users"."id" = 1 LIMIT 1[0m
  Rendered home/index.html.erb within layouts/application (0.0ms)
  Rendered devise/menu/_header_links.html.erb (0.9ms)
Completed 200 OK in 6.6ms (Views: 5.8ms | ActiveRecord: 0.2ms)


Started GET "/assets/application.css?body=1" for 127.0.0.1 at 2013-10-20 14:10:23 +0530
Served asset /application.css - 304 Not Modified (0ms)


Started GET "/assets/home.css?body=1" for 127.0.0.1 at 2013-10-20 14:10:23 +0530
Served asset /home.css - 304 Not Modified (0ms)


Started GET "/assets/jquery.js?body=1" for 127.0.0.1 at 2013-10-20 14:10:23 +0530
Served asset /jquery.js - 304 Not Modified (0ms)


Started GET "/assets/jquery_ujs.js?body=1" for 127.0.0.1 at 2013-10-20 14:10:23 +0530
Served asset /jquery_ujs.js - 304 Not Modified (0ms)


Started GET "/assets/application.js?body=1" for 127.0.0.1 at 2013-10-20 14:10:23 +0530
Served asset /application.js - 304 Not Modified (0ms)


Started GET "/assets/home.js?body=1" for 127.0.0.1 at 2013-10-20 14:10:23 +0530
Served asset /home.js - 304 Not Modified (0ms)


Started GET "/" for 127.0.0.1 at 2013-10-20 14:10:31 +0530
Processing by HomeController#index as HTML
  [1m[35mUser Load (0.2ms)[0m  SELECT "users".* FROM "users" WHERE "users"."id" = 1 LIMIT 1
  Rendered home/index.html.erb within layouts/application (0.0ms)
  Rendered devise/menu/_header_links.html.erb (0.8ms)
Completed 200 OK in 18.3ms (Views: 4.8ms | ActiveRecord: 0.2ms)


Started GET "/assets/application.css?body=1" for 127.0.0.1 at 2013-10-20 14:10:31 +0530
Served asset /application.css - 304 Not Modified (0ms)


Started GET "/assets/home.js?body=1" for 127.0.0.1 at 2013-10-20 14:10:31 +0530
Served asset /home.js - 304 Not Modified (0ms)


Started GET "/assets/jquery_ujs.js?body=1" for 127.0.0.1 at 2013-10-20 14:10:31 +0530
Served asset /jquery_ujs.js - 304 Not Modified (0ms)


Started GET "/assets/home.css?body=1" for 127.0.0.1 at 2013-10-20 14:10:31 +0530
Served asset /home.css - 304 Not Modified (0ms)


Started GET "/assets/application.js?body=1" for 127.0.0.1 at 2013-10-20 14:10:31 +0530
Served asset /application.js - 304 Not Modified (0ms)


Started GET "/assets/jquery.js?body=1" for 127.0.0.1 at 2013-10-20 14:10:31 +0530
Served asset /jquery.js - 304 Not Modified (0ms)


Started DELETE "/users/sign_out" for 127.0.0.1 at 2013-10-20 14:10:36 +0530

ActionController::RoutingError (No route matches [DELETE] "/users/sign_out"):
  actionpack (3.2.15) lib/action_dispatch/middleware/debug_exceptions.rb:21:in `call'
  actionpack (3.2.15) lib/action_dispatch/middleware/show_exceptions.rb:56:in `call'
  railties (3.2.15) lib/rails/rack/logger.rb:32:in `call_app'
  railties (3.2.15) lib/rails/rack/logger.rb:16:in `block in call'
  activesupport (3.2.15) lib/active_support/tagged_logging.rb:22:in `tagged'
  railties (3.2.15) lib/rails/rack/logger.rb:16:in `call'
  actionpack (3.2.15) lib/action_dispatch/middleware/request_id.rb:22:in `call'
  rack (1.4.5) lib/rack/methodoverride.rb:21:in `call'
  rack (1.4.5) lib/rack/runtime.rb:17:in `call'
  activesupport (3.2.15) lib/active_support/cache/strategy/local_cache.rb:72:in `call'
  rack (1.4.5) lib/rack/lock.rb:15:in `call'
  actionpack (3.2.15) lib/action_dispatch/middleware/static.rb:63:in `call'
  railties (3.2.15) lib/rails/engine.rb:484:in `call'
  railties (3.2.15) lib/rails/application.rb:231:in `call'
  rack (1.4.5) lib/rack/content_length.rb:14:in `call'
  railties (3.2.15) lib/rails/rack/log_tailer.rb:17:in `call'
  rack (1.4.5) lib/rack/handler/webrick.rb:59:in `service'
  /Users/atverma/.rvm/rubies/ruby-1.9.3-p385/lib/ruby/1.9.1/webrick/httpserver.rb:138:in `service'
  /Users/atverma/.rvm/rubies/ruby-1.9.3-p385/lib/ruby/1.9.1/webrick/httpserver.rb:94:in `run'
  /Users/atverma/.rvm/rubies/ruby-1.9.3-p385/lib/ruby/1.9.1/webrick/server.rb:191:in `block in start_thread'


  Rendered /Users/atverma/.rvm/gems/ruby-1.9.3-p385@hah/gems/actionpack-3.2.15/lib/action_dispatch/middleware/templates/rescues/routing_error.erb within rescues/layout (0.6ms)
Connecting to database specified by database.yml


Started GET "/users/sign_out" for 127.0.0.1 at 2013-10-20 14:10:59 +0530
Processing by Devise::SessionsController#destroy as HTML
  [1m[36mUser Load (0.1ms)[0m  [1mSELECT "users".* FROM "users" WHERE "users"."id" = 1 LIMIT 1[0m
  [1m[35m (0.1ms)[0m  begin transaction
  [1m[36m (0.1ms)[0m  [1mcommit transaction[0m
Redirected to http://localhost:3000/
Completed 302 Found in 57.6ms (ActiveRecord: 2.0ms)


Started GET "/" for 127.0.0.1 at 2013-10-20 14:11:00 +0530
Processing by HomeController#index as HTML
Completed 401 Unauthorized in 0.5ms


Started GET "/users/sign_in" for 127.0.0.1 at 2013-10-20 14:11:00 +0530
Processing by Devise::SessionsController#new as HTML
  Rendered devise/shared/_links.erb (1.3ms)
  Rendered devise/sessions/new.html.erb within layouts/application (9.5ms)
  Rendered devise/menu/_header_links.html.erb (0.9ms)
Completed 200 OK in 37.9ms (Views: 35.2ms | ActiveRecord: 0.0ms)


Started GET "/assets/application.css?body=1" for 127.0.0.1 at 2013-10-20 14:11:00 +0530
Served asset /application.css - 304 Not Modified (2ms)


Started GET "/assets/jquery_ujs.js?body=1" for 127.0.0.1 at 2013-10-20 14:11:00 +0530
Served asset /jquery_ujs.js - 304 Not Modified (6ms)


Started GET "/assets/home.css?body=1" for 127.0.0.1 at 2013-10-20 14:11:00 +0530
Served asset /home.css - 304 Not Modified (1ms)


Started GET "/assets/jquery.js?body=1" for 127.0.0.1 at 2013-10-20 14:11:00 +0530
Served asset /jquery.js - 304 Not Modified (2ms)


Started GET "/assets/application.js?body=1" for 127.0.0.1 at 2013-10-20 14:11:00 +0530
Served asset /application.js - 304 Not Modified (5ms)


Started GET "/assets/home.js?body=1" for 127.0.0.1 at 2013-10-20 14:11:00 +0530
Served asset /home.js - 304 Not Modified (1ms)


Started POST "/users/sign_in" for 127.0.0.1 at 2013-10-20 14:11:03 +0530
Processing by Devise::SessionsController#create as HTML
  Parameters: {"utf8"=>"✓", "authenticity_token"=>"9X9het3mqUVyj9IGefRdftL42yTuCvqK/FuIZi93aCw=", "user"=>{"email"=>"a@a.com", "password"=>"[FILTERED]", "remember_me"=>"0"}, "commit"=>"Sign in"}
  [1m[35mUser Load (0.2ms)[0m  SELECT "users".* FROM "users" WHERE "users"."email" = 'a@a.com' LIMIT 1
  [1m[36m (0.1ms)[0m  [1mbegin transaction[0m
  [1m[35m (1.4ms)[0m  UPDATE "users" SET "last_sign_in_at" = '2013-10-20 08:39:18.467441', "current_sign_in_at" = '2013-10-20 08:41:03.421012', "sign_in_count" = 3, "updated_at" = '2013-10-20 08:41:03.422596' WHERE "users"."id" = 1
  [1m[36m (2.0ms)[0m  [1mcommit transaction[0m
Redirected to http://localhost:3000/
Completed 302 Found in 86.8ms (ActiveRecord: 0.0ms)


Started GET "/" for 127.0.0.1 at 2013-10-20 14:11:03 +0530
Processing by HomeController#index as HTML
  [1m[35mUser Load (0.2ms)[0m  SELECT "users".* FROM "users" WHERE "users"."id" = 1 LIMIT 1
  Rendered home/index.html.erb within layouts/application (0.3ms)
  Rendered devise/menu/_header_links.html.erb (0.3ms)
Completed 200 OK in 5.4ms (Views: 4.3ms | ActiveRecord: 0.2ms)


Started GET "/assets/application.css?body=1" for 127.0.0.1 at 2013-10-20 14:11:03 +0530
Served asset /application.css - 304 Not Modified (0ms)


Started GET "/assets/jquery.js?body=1" for 127.0.0.1 at 2013-10-20 14:11:03 +0530
Served asset /jquery.js - 304 Not Modified (0ms)


Started GET "/assets/jquery_ujs.js?body=1" for 127.0.0.1 at 2013-10-20 14:11:03 +0530
Served asset /jquery_ujs.js - 304 Not Modified (0ms)


Started GET "/assets/home.css?body=1" for 127.0.0.1 at 2013-10-20 14:11:03 +0530
Served asset /home.css - 304 Not Modified (0ms)


Started GET "/assets/application.js?body=1" for 127.0.0.1 at 2013-10-20 14:11:03 +0530
Served asset /application.js - 304 Not Modified (0ms)


Started GET "/assets/home.js?body=1" for 127.0.0.1 at 2013-10-20 14:11:03 +0530
Served asset /home.js - 304 Not Modified (0ms)


Started DELETE "/users/sign_out" for 127.0.0.1 at 2013-10-20 14:11:04 +0530

ActionController::RoutingError (No route matches [DELETE] "/users/sign_out"):
  actionpack (3.2.15) lib/action_dispatch/middleware/debug_exceptions.rb:21:in `call'
  actionpack (3.2.15) lib/action_dispatch/middleware/show_exceptions.rb:56:in `call'
  railties (3.2.15) lib/rails/rack/logger.rb:32:in `call_app'
  railties (3.2.15) lib/rails/rack/logger.rb:16:in `block in call'
  activesupport (3.2.15) lib/active_support/tagged_logging.rb:22:in `tagged'
  railties (3.2.15) lib/rails/rack/logger.rb:16:in `call'
  actionpack (3.2.15) lib/action_dispatch/middleware/request_id.rb:22:in `call'
  rack (1.4.5) lib/rack/methodoverride.rb:21:in `call'
  rack (1.4.5) lib/rack/runtime.rb:17:in `call'
  activesupport (3.2.15) lib/active_support/cache/strategy/local_cache.rb:72:in `call'
  rack (1.4.5) lib/rack/lock.rb:15:in `call'
  actionpack (3.2.15) lib/action_dispatch/middleware/static.rb:63:in `call'
  railties (3.2.15) lib/rails/engine.rb:484:in `call'
  railties (3.2.15) lib/rails/application.rb:231:in `call'
  rack (1.4.5) lib/rack/content_length.rb:14:in `call'
  railties (3.2.15) lib/rails/rack/log_tailer.rb:17:in `call'
  rack (1.4.5) lib/rack/handler/webrick.rb:59:in `service'
  /Users/atverma/.rvm/rubies/ruby-1.9.3-p385/lib/ruby/1.9.1/webrick/httpserver.rb:138:in `service'
  /Users/atverma/.rvm/rubies/ruby-1.9.3-p385/lib/ruby/1.9.1/webrick/httpserver.rb:94:in `run'
  /Users/atverma/.rvm/rubies/ruby-1.9.3-p385/lib/ruby/1.9.1/webrick/server.rb:191:in `block in start_thread'


  Rendered /Users/atverma/.rvm/gems/ruby-1.9.3-p385@hah/gems/actionpack-3.2.15/lib/action_dispatch/middleware/templates/rescues/routing_error.erb within rescues/layout (0.5ms)
Connecting to database specified by database.yml


Started GET "/users/sign_out" for 127.0.0.1 at 2013-10-20 14:11:27 +0530

ActionController::RoutingError (No route matches [GET] "/users/sign_out"):
  actionpack (3.2.15) lib/action_dispatch/middleware/debug_exceptions.rb:21:in `call'
  actionpack (3.2.15) lib/action_dispatch/middleware/show_exceptions.rb:56:in `call'
  railties (3.2.15) lib/rails/rack/logger.rb:32:in `call_app'
  railties (3.2.15) lib/rails/rack/logger.rb:16:in `block in call'
  activesupport (3.2.15) lib/active_support/tagged_logging.rb:22:in `tagged'
  railties (3.2.15) lib/rails/rack/logger.rb:16:in `call'
  actionpack (3.2.15) lib/action_dispatch/middleware/request_id.rb:22:in `call'
  rack (1.4.5) lib/rack/methodoverride.rb:21:in `call'
  rack (1.4.5) lib/rack/runtime.rb:17:in `call'
  activesupport (3.2.15) lib/active_support/cache/strategy/local_cache.rb:72:in `call'
  rack (1.4.5) lib/rack/lock.rb:15:in `call'
  actionpack (3.2.15) lib/action_dispatch/middleware/static.rb:63:in `call'
  railties (3.2.15) lib/rails/engine.rb:484:in `call'
  railties (3.2.15) lib/rails/application.rb:231:in `call'
  rack (1.4.5) lib/rack/content_length.rb:14:in `call'
  railties (3.2.15) lib/rails/rack/log_tailer.rb:17:in `call'
  rack (1.4.5) lib/rack/handler/webrick.rb:59:in `service'
  /Users/atverma/.rvm/rubies/ruby-1.9.3-p385/lib/ruby/1.9.1/webrick/httpserver.rb:138:in `service'
  /Users/atverma/.rvm/rubies/ruby-1.9.3-p385/lib/ruby/1.9.1/webrick/httpserver.rb:94:in `run'
  /Users/atverma/.rvm/rubies/ruby-1.9.3-p385/lib/ruby/1.9.1/webrick/server.rb:191:in `block in start_thread'


  Rendered /Users/atverma/.rvm/gems/ruby-1.9.3-p385@hah/gems/actionpack-3.2.15/lib/action_dispatch/middleware/templates/rescues/routing_error.erb within rescues/layout (2.2ms)


Started GET "/" for 127.0.0.1 at 2013-10-20 14:11:32 +0530
Processing by HomeController#index as HTML
  [1m[36mUser Load (0.1ms)[0m  [1mSELECT "users".* FROM "users" WHERE "users"."id" = 1 LIMIT 1[0m
  Rendered home/index.html.erb within layouts/application (0.2ms)
  Rendered devise/menu/_header_links.html.erb (1.0ms)
Completed 200 OK in 73.8ms (Views: 16.8ms | ActiveRecord: 19.7ms)


Started GET "/assets/application.css?body=1" for 127.0.0.1 at 2013-10-20 14:11:32 +0530
Served asset /application.css - 200 OK (2ms)


Started GET "/assets/home.css?body=1" for 127.0.0.1 at 2013-10-20 14:11:32 +0530
Served asset /home.css - 200 OK (4ms)


Started GET "/assets/jquery_ujs.js?body=1" for 127.0.0.1 at 2013-10-20 14:11:32 +0530
Served asset /jquery_ujs.js - 200 OK (1ms)


Started GET "/assets/jquery.js?body=1" for 127.0.0.1 at 2013-10-20 14:11:32 +0530
Served asset /jquery.js - 200 OK (2ms)


Started GET "/assets/application.js?body=1" for 127.0.0.1 at 2013-10-20 14:11:32 +0530
Served asset /application.js - 200 OK (5ms)


Started GET "/assets/home.js?body=1" for 127.0.0.1 at 2013-10-20 14:11:32 +0530
Served asset /home.js - 200 OK (1ms)


Started DELETE "/users/sign_out" for 127.0.0.1 at 2013-10-20 14:11:33 +0530
Processing by Devise::SessionsController#destroy as HTML
  Parameters: {"authenticity_token"=>"oCH7o9pwKp8QjSbWG2lSdsGwoz7JTPC/Qs0usV9Ky6Q="}
  [1m[35mUser Load (0.3ms)[0m  SELECT "users".* FROM "users" WHERE "users"."id" = 1 LIMIT 1
  [1m[36m (0.1ms)[0m  [1mbegin transaction[0m
  [1m[35m (0.1ms)[0m  commit transaction
Redirected to http://localhost:3000/
Completed 302 Found in 37.0ms (ActiveRecord: 0.4ms)


Started GET "/" for 127.0.0.1 at 2013-10-20 14:11:33 +0530
Processing by HomeController#index as HTML
Completed 401 Unauthorized in 0.4ms


Started GET "/users/sign_in" for 127.0.0.1 at 2013-10-20 14:11:33 +0530
Processing by Devise::SessionsController#new as HTML
  Rendered devise/shared/_links.erb (2.0ms)
  Rendered devise/sessions/new.html.erb within layouts/application (7.2ms)
  Rendered devise/menu/_header_links.html.erb (0.5ms)
Completed 200 OK in 14.9ms (Views: 12.5ms | ActiveRecord: 0.0ms)


Started GET "/assets/jquery.js?body=1" for 127.0.0.1 at 2013-10-20 14:11:33 +0530
Served asset /jquery.js - 304 Not Modified (0ms)


Started GET "/assets/jquery_ujs.js?body=1" for 127.0.0.1 at 2013-10-20 14:11:33 +0530
Served asset /jquery_ujs.js - 304 Not Modified (0ms)


Started GET "/assets/home.css?body=1" for 127.0.0.1 at 2013-10-20 14:11:33 +0530
Served asset /home.css - 304 Not Modified (0ms)


Started GET "/assets/application.css?body=1" for 127.0.0.1 at 2013-10-20 14:11:33 +0530
Served asset /application.css - 304 Not Modified (0ms)


Started GET "/assets/home.js?body=1" for 127.0.0.1 at 2013-10-20 14:11:33 +0530
Served asset /home.js - 304 Not Modified (0ms)


Started GET "/assets/application.js?body=1" for 127.0.0.1 at 2013-10-20 14:11:33 +0530
Served asset /application.js - 304 Not Modified (0ms)
Connecting to database specified by database.yml
Connecting to database specified by database.yml
Connecting to database specified by database.yml
Connecting to database specified by database.yml
  [1m[36m (1.0ms)[0m  [1mSELECT "schema_migrations"."version" FROM "schema_migrations" [0m
Migrating to DeviseCreateUsers (20131020081922)
Migrating to DeviseCreateAdmins (20131020082544)
Migrating to CreateRoles (20131020084245)
  [1m[35m (0.0ms)[0m  select sqlite_version(*)
  [1m[36m (0.0ms)[0m  [1mbegin transaction[0m
  [1m[35m (0.3ms)[0m  CREATE TABLE "roles" ("id" INTEGER PRIMARY KEY AUTOINCREMENT NOT NULL, "name" varchar(255), "created_at" datetime NOT NULL, "updated_at" datetime NOT NULL) 
  [1m[36m (0.1ms)[0m  [1mINSERT INTO "schema_migrations" ("version") VALUES ('20131020084245')[0m
  [1m[35m (2.4ms)[0m  commit transaction
Migrating to AddRoleIdToUser (20131020084257)
  [1m[36m (0.1ms)[0m  [1mbegin transaction[0m
  [1m[35m (1.1ms)[0m  ALTER TABLE "users" ADD "role_id" integer
  [1m[36m (0.1ms)[0m  [1mINSERT INTO "schema_migrations" ("version") VALUES ('20131020084257')[0m
  [1m[35m (0.7ms)[0m  commit transaction
  [1m[36m (0.1ms)[0m  [1mSELECT "schema_migrations"."version" FROM "schema_migrations" [0m
Connecting to database specified by database.yml


Started GET "/users/sign_in" for 127.0.0.1 at 2013-10-20 14:15:20 +0530
Processing by Devise::SessionsController#new as HTML
  Rendered devise/shared/_links.erb (1.3ms)
  Rendered devise/sessions/new.html.erb within layouts/application (13.5ms)
  Rendered devise/menu/_header_links.html.erb (0.9ms)
Completed 200 OK in 75.4ms (Views: 48.5ms | ActiveRecord: 1.4ms)


Started GET "/assets/application.css?body=1" for 127.0.0.1 at 2013-10-20 14:15:20 +0530
Served asset /application.css - 304 Not Modified (5ms)


Started GET "/assets/jquery.js?body=1" for 127.0.0.1 at 2013-10-20 14:15:20 +0530
Served asset /jquery.js - 304 Not Modified (3ms)


Started GET "/assets/home.js?body=1" for 127.0.0.1 at 2013-10-20 14:15:20 +0530
Served asset /home.js - 304 Not Modified (1ms)


Started GET "/assets/home.css?body=1" for 127.0.0.1 at 2013-10-20 14:15:20 +0530
Served asset /home.css - 304 Not Modified (1ms)


Started GET "/assets/jquery_ujs.js?body=1" for 127.0.0.1 at 2013-10-20 14:15:20 +0530
Served asset /jquery_ujs.js - 304 Not Modified (1ms)


Started GET "/assets/application.js?body=1" for 127.0.0.1 at 2013-10-20 14:15:20 +0530
Served asset /application.js - 304 Not Modified (5ms)


Started POST "/users/sign_in" for 127.0.0.1 at 2013-10-20 14:15:26 +0530
Processing by Devise::SessionsController#create as HTML
  Parameters: {"utf8"=>"✓", "authenticity_token"=>"yRPhrbZYX2SbU3pmbluKHFFHL/I3dCV9+BNn4VNM5nY=", "user"=>{"email"=>"a@a.com", "password"=>"[FILTERED]", "remember_me"=>"0"}, "commit"=>"Sign in"}
  [1m[36mUser Load (0.2ms)[0m  [1mSELECT "users".* FROM "users" WHERE "users"."email" = 'a@a.com' LIMIT 1[0m
  [1m[35m (0.1ms)[0m  begin transaction
  [1m[36m (1.4ms)[0m  [1mUPDATE "users" SET "last_sign_in_at" = '2013-10-20 08:41:03.421012', "current_sign_in_at" = '2013-10-20 08:45:26.258478', "sign_in_count" = 4, "updated_at" = '2013-10-20 08:45:26.275630' WHERE "users"."id" = 1[0m
  [1m[35m (2.3ms)[0m  commit transaction
Redirected to http://localhost:3000/
Completed 302 Found in 110.2ms (ActiveRecord: 0.0ms)


Started GET "/" for 127.0.0.1 at 2013-10-20 14:15:26 +0530
Processing by HomeController#index as HTML
  [1m[36mUser Load (0.2ms)[0m  [1mSELECT "users".* FROM "users" WHERE "users"."id" = 1 LIMIT 1[0m
  Rendered home/index.html.erb within layouts/application (0.3ms)
  Rendered devise/menu/_header_links.html.erb (0.3ms)
Completed 200 OK in 5.4ms (Views: 4.2ms | ActiveRecord: 0.2ms)


Started GET "/assets/application.css?body=1" for 127.0.0.1 at 2013-10-20 14:15:26 +0530
Served asset /application.css - 304 Not Modified (0ms)


Started GET "/assets/home.css?body=1" for 127.0.0.1 at 2013-10-20 14:15:26 +0530
Served asset /home.css - 304 Not Modified (0ms)


Started GET "/assets/jquery.js?body=1" for 127.0.0.1 at 2013-10-20 14:15:26 +0530
Served asset /jquery.js - 304 Not Modified (0ms)


Started GET "/assets/home.js?body=1" for 127.0.0.1 at 2013-10-20 14:15:26 +0530
Served asset /home.js - 304 Not Modified (0ms)


Started GET "/assets/application.js?body=1" for 127.0.0.1 at 2013-10-20 14:15:26 +0530
Served asset /application.js - 304 Not Modified (0ms)


Started GET "/assets/jquery_ujs.js?body=1" for 127.0.0.1 at 2013-10-20 14:15:26 +0530
Served asset /jquery_ujs.js - 304 Not Modified (0ms)
Connecting to database specified by database.yml
Connecting to database specified by database.yml
  [1m[36m (1.0ms)[0m  [1mSELECT "schema_migrations"."version" FROM "schema_migrations" [0m
  [1m[35m (0.0ms)[0m  begin transaction
  [1m[36mAdmin Exists (0.1ms)[0m  [1mSELECT 1 AS one FROM "admins" WHERE "admins"."email" = 'admin@cp.com' LIMIT 1[0m
  [1m[35m (0.0ms)[0m  rollback transaction
  [1m[36mRole Load (0.1ms)[0m  [1mSELECT "roles".* FROM "roles" WHERE "roles"."name" = 'reporter' LIMIT 1[0m
  [1m[35m (0.0ms)[0m  begin transaction
  [1m[36mSQL (1.1ms)[0m  [1mINSERT INTO "roles" ("created_at", "name", "updated_at") VALUES (?, ?, ?)[0m  [["created_at", Sun, 20 Oct 2013 08:46:55 UTC +00:00], ["name", "reporter"], ["updated_at", Sun, 20 Oct 2013 08:46:55 UTC +00:00]]
  [1m[35m (2.4ms)[0m  commit transaction
  [1m[36mRole Load (0.1ms)[0m  [1mSELECT "roles".* FROM "roles" WHERE "roles"."name" = 'editor' LIMIT 1[0m
  [1m[35m (0.0ms)[0m  begin transaction
  [1m[36mSQL (0.3ms)[0m  [1mINSERT INTO "roles" ("created_at", "name", "updated_at") VALUES (?, ?, ?)[0m  [["created_at", Sun, 20 Oct 2013 08:46:55 UTC +00:00], ["name", "editor"], ["updated_at", Sun, 20 Oct 2013 08:46:55 UTC +00:00]]
  [1m[35m (0.8ms)[0m  commit transaction
  [1m[36mRole Load (0.1ms)[0m  [1mSELECT "roles".* FROM "roles" WHERE "roles"."name" = 'admin' LIMIT 1[0m
  [1m[35m (0.0ms)[0m  begin transaction
  [1m[36mSQL (0.3ms)[0m  [1mINSERT INTO "roles" ("created_at", "name", "updated_at") VALUES (?, ?, ?)[0m  [["created_at", Sun, 20 Oct 2013 08:46:55 UTC +00:00], ["name", "admin"], ["updated_at", Sun, 20 Oct 2013 08:46:55 UTC +00:00]]
  [1m[35m (0.8ms)[0m  commit transaction
Binary data inserted for `string` type on column `encrypted_password`
DEPRECATION WARNING: You're trying to create an attribute `user_id'. Writing arbitrary attributes on a model is deprecated. Please just use `attr_writer` etc. (called from irb_binding at (irb):17)


Started GET "/" for 127.0.0.1 at 2013-10-20 14:17:42 +0530
Processing by HomeController#index as HTML
  [1m[35mUser Load (0.2ms)[0m  SELECT "users".* FROM "users" WHERE "users"."id" = 1 LIMIT 1
  Rendered home/index.html.erb within layouts/application (0.0ms)
  Rendered devise/menu/_header_links.html.erb (0.3ms)
Completed 200 OK in 5.1ms (Views: 3.9ms | ActiveRecord: 0.2ms)


Started GET "/assets/application.css?body=1" for 127.0.0.1 at 2013-10-20 14:17:42 +0530
Served asset /application.css - 304 Not Modified (0ms)


Started GET "/assets/application.js?body=1" for 127.0.0.1 at 2013-10-20 14:17:42 +0530
Served asset /application.js - 304 Not Modified (0ms)


Started GET "/assets/jquery_ujs.js?body=1" for 127.0.0.1 at 2013-10-20 14:17:42 +0530
Served asset /jquery_ujs.js - 304 Not Modified (0ms)


Started GET "/assets/jquery.js?body=1" for 127.0.0.1 at 2013-10-20 14:17:42 +0530
Served asset /jquery.js - 304 Not Modified (0ms)


Started GET "/assets/home.js?body=1" for 127.0.0.1 at 2013-10-20 14:17:42 +0530
Served asset /home.js - 304 Not Modified (0ms)


Started GET "/assets/home.css?body=1" for 127.0.0.1 at 2013-10-20 14:17:42 +0530
Served asset /home.css - 304 Not Modified (0ms)


Started DELETE "/users/sign_out" for 127.0.0.1 at 2013-10-20 14:17:44 +0530
Processing by Devise::SessionsController#destroy as HTML
  Parameters: {"authenticity_token"=>"Orxc5/X6qXXTnxUhuUX548Y0rkJGj5bik1YNuCRKTDU="}
  [1m[36mUser Load (0.2ms)[0m  [1mSELECT "users".* FROM "users" WHERE "users"."id" = 1 LIMIT 1[0m
  [1m[35m (0.0ms)[0m  begin transaction
  [1m[36m (0.0ms)[0m  [1mcommit transaction[0m
Redirected to http://localhost:3000/
Completed 302 Found in 4.9ms (ActiveRecord: 0.2ms)


Started GET "/" for 127.0.0.1 at 2013-10-20 14:17:44 +0530
Processing by HomeController#index as HTML
Completed 401 Unauthorized in 0.3ms


Started GET "/users/sign_in" for 127.0.0.1 at 2013-10-20 14:17:44 +0530
Processing by Devise::SessionsController#new as HTML
  Rendered devise/shared/_links.erb (0.5ms)
  Rendered devise/sessions/new.html.erb within layouts/application (3.3ms)
  Rendered devise/menu/_header_links.html.erb (0.6ms)
Completed 200 OK in 22.4ms (Views: 21.9ms | ActiveRecord: 0.0ms)


Started GET "/assets/application.css?body=1" for 127.0.0.1 at 2013-10-20 14:17:44 +0530
Served asset /application.css - 304 Not Modified (0ms)


Started GET "/assets/jquery.js?body=1" for 127.0.0.1 at 2013-10-20 14:17:44 +0530
Served asset /jquery.js - 304 Not Modified (0ms)


Started GET "/assets/jquery_ujs.js?body=1" for 127.0.0.1 at 2013-10-20 14:17:44 +0530
Served asset /jquery_ujs.js - 304 Not Modified (0ms)


Started GET "/assets/home.js?body=1" for 127.0.0.1 at 2013-10-20 14:17:44 +0530
Served asset /home.js - 304 Not Modified (0ms)


Started GET "/assets/application.js?body=1" for 127.0.0.1 at 2013-10-20 14:17:44 +0530
Served asset /application.js - 304 Not Modified (0ms)


Started GET "/assets/home.css?body=1" for 127.0.0.1 at 2013-10-20 14:17:44 +0530
Served asset /home.css - 304 Not Modified (0ms)


Started POST "/users/sign_in" for 127.0.0.1 at 2013-10-20 14:18:01 +0530
Processing by Devise::SessionsController#create as HTML
  Parameters: {"utf8"=>"✓", "authenticity_token"=>"NIpBKwu3C3Az7w0a1ihemaiai8r09xfgjHHjBQMhGgo=", "user"=>{"email"=>"u@u.com", "password"=>"[FILTERED]", "remember_me"=>"0"}, "commit"=>"Sign in"}
  [1m[35mUser Load (0.2ms)[0m  SELECT "users".* FROM "users" WHERE "users"."email" = 'u@u.com' LIMIT 1
Completed 401 Unauthorized in 72.3ms
Processing by Devise::SessionsController#new as HTML
  Parameters: {"utf8"=>"✓", "authenticity_token"=>"NIpBKwu3C3Az7w0a1ihemaiai8r09xfgjHHjBQMhGgo=", "user"=>{"email"=>"u@u.com", "password"=>"[FILTERED]", "remember_me"=>"0"}, "commit"=>"Sign in"}
  Rendered devise/shared/_links.erb (0.3ms)
  Rendered devise/sessions/new.html.erb within layouts/application (2.8ms)
  Rendered devise/menu/_header_links.html.erb (0.3ms)
Completed 200 OK in 80.2ms (Views: 8.3ms | ActiveRecord: 0.0ms)


Started GET "/assets/application.css?body=1" for 127.0.0.1 at 2013-10-20 14:18:01 +0530
Served asset /application.css - 304 Not Modified (0ms)


Started GET "/assets/home.css?body=1" for 127.0.0.1 at 2013-10-20 14:18:01 +0530
Served asset /home.css - 304 Not Modified (0ms)


Started GET "/assets/jquery_ujs.js?body=1" for 127.0.0.1 at 2013-10-20 14:18:01 +0530
Served asset /jquery_ujs.js - 304 Not Modified (0ms)


Started GET "/assets/home.js?body=1" for 127.0.0.1 at 2013-10-20 14:18:01 +0530
Served asset /home.js - 304 Not Modified (0ms)


Started GET "/assets/application.js?body=1" for 127.0.0.1 at 2013-10-20 14:18:01 +0530
Served asset /application.js - 304 Not Modified (0ms)


Started GET "/assets/jquery.js?body=1" for 127.0.0.1 at 2013-10-20 14:18:01 +0530
Served asset /jquery.js - 304 Not Modified (0ms)


Started POST "/users/sign_in" for 127.0.0.1 at 2013-10-20 14:18:08 +0530
Processing by Devise::SessionsController#create as HTML
  Parameters: {"utf8"=>"✓", "authenticity_token"=>"NIpBKwu3C3Az7w0a1ihemaiai8r09xfgjHHjBQMhGgo=", "user"=>{"email"=>"u@u.com", "password"=>"[FILTERED]", "remember_me"=>"0"}, "commit"=>"Sign in"}
  [1m[36mUser Load (0.2ms)[0m  [1mSELECT "users".* FROM "users" WHERE "users"."email" = 'u@u.com' LIMIT 1[0m
  [1m[35m (0.1ms)[0m  begin transaction
  [1m[36m (0.4ms)[0m  [1mUPDATE "users" SET "last_sign_in_at" = '2013-10-20 08:48:08.795230', "current_sign_in_at" = '2013-10-20 08:48:08.795230', "last_sign_in_ip" = '127.0.0.1', "current_sign_in_ip" = '127.0.0.1', "sign_in_count" = 1, "updated_at" = '2013-10-20 08:48:08.796021' WHERE "users"."id" = 2[0m
  [1m[35m (2.8ms)[0m  commit transaction
Redirected to http://localhost:3000/
Completed 302 Found in 80.1ms (ActiveRecord: 0.0ms)


Started GET "/" for 127.0.0.1 at 2013-10-20 14:18:08 +0530
Processing by HomeController#index as HTML
  [1m[36mUser Load (0.2ms)[0m  [1mSELECT "users".* FROM "users" WHERE "users"."id" = 2 LIMIT 1[0m
  Rendered home/index.html.erb within layouts/application (0.0ms)
  Rendered devise/menu/_header_links.html.erb (0.4ms)
Completed 200 OK in 5.7ms (Views: 4.5ms | ActiveRecord: 0.2ms)


Started GET "/assets/application.css?body=1" for 127.0.0.1 at 2013-10-20 14:18:09 +0530
Served asset /application.css - 304 Not Modified (0ms)


Started GET "/assets/jquery_ujs.js?body=1" for 127.0.0.1 at 2013-10-20 14:18:09 +0530
Served asset /jquery_ujs.js - 304 Not Modified (0ms)


Started GET "/assets/jquery.js?body=1" for 127.0.0.1 at 2013-10-20 14:18:09 +0530
Served asset /jquery.js - 304 Not Modified (0ms)


Started GET "/assets/home.css?body=1" for 127.0.0.1 at 2013-10-20 14:18:09 +0530
Served asset /home.css - 304 Not Modified (0ms)


Started GET "/assets/home.js?body=1" for 127.0.0.1 at 2013-10-20 14:18:09 +0530
Served asset /home.js - 304 Not Modified (0ms)


Started GET "/assets/application.js?body=1" for 127.0.0.1 at 2013-10-20 14:18:09 +0530
Served asset /application.js - 304 Not Modified (0ms)
Connecting to database specified by database.yml
Connecting to database specified by database.yml
Connecting to database specified by database.yml


Started GET "/users/" for 127.0.0.1 at 2013-10-20 14:24:39 +0530

ActionController::RoutingError (No route matches [GET] "/users"):
  actionpack (3.2.15) lib/action_dispatch/middleware/debug_exceptions.rb:21:in `call'
  actionpack (3.2.15) lib/action_dispatch/middleware/show_exceptions.rb:56:in `call'
  railties (3.2.15) lib/rails/rack/logger.rb:32:in `call_app'
  railties (3.2.15) lib/rails/rack/logger.rb:16:in `block in call'
  activesupport (3.2.15) lib/active_support/tagged_logging.rb:22:in `tagged'
  railties (3.2.15) lib/rails/rack/logger.rb:16:in `call'
  actionpack (3.2.15) lib/action_dispatch/middleware/request_id.rb:22:in `call'
  rack (1.4.5) lib/rack/methodoverride.rb:21:in `call'
  rack (1.4.5) lib/rack/runtime.rb:17:in `call'
  activesupport (3.2.15) lib/active_support/cache/strategy/local_cache.rb:72:in `call'
  rack (1.4.5) lib/rack/lock.rb:15:in `call'
  actionpack (3.2.15) lib/action_dispatch/middleware/static.rb:63:in `call'
  railties (3.2.15) lib/rails/engine.rb:484:in `call'
  railties (3.2.15) lib/rails/application.rb:231:in `call'
  rack (1.4.5) lib/rack/content_length.rb:14:in `call'
  railties (3.2.15) lib/rails/rack/log_tailer.rb:17:in `call'
  rack (1.4.5) lib/rack/handler/webrick.rb:59:in `service'
  /Users/atverma/.rvm/rubies/ruby-1.9.3-p385/lib/ruby/1.9.1/webrick/httpserver.rb:138:in `service'
  /Users/atverma/.rvm/rubies/ruby-1.9.3-p385/lib/ruby/1.9.1/webrick/httpserver.rb:94:in `run'
  /Users/atverma/.rvm/rubies/ruby-1.9.3-p385/lib/ruby/1.9.1/webrick/server.rb:191:in `block in start_thread'


  Rendered /Users/atverma/.rvm/gems/ruby-1.9.3-p385@hah/gems/actionpack-3.2.15/lib/action_dispatch/middleware/templates/rescues/routing_error.erb within rescues/layout (0.5ms)


Started GET "/users/edit" for 127.0.0.1 at 2013-10-20 14:24:51 +0530
Processing by Devise::RegistrationsController#edit as HTML
  [1m[35mUser Load (0.1ms)[0m  SELECT "users".* FROM "users" WHERE "users"."id" = 2 LIMIT 1
  Rendered devise/registrations/edit.html.erb within layouts/application (23.7ms)
Compiled user.css  (8ms)  (pid 24066)
Compiled application.css  (14ms)  (pid 24066)
Compiled user.js  (112ms)  (pid 24066)
Compiled application.js  (120ms)  (pid 24066)
  Rendered devise/menu/_header_links.html.erb (0.6ms)
Completed 200 OK in 221.5ms (Views: 207.1ms | ActiveRecord: 0.6ms)


Started GET "/assets/application.css?body=1" for 127.0.0.1 at 2013-10-20 14:24:52 +0530
Served asset /application.css - 304 Not Modified (6ms)


Started GET "/assets/home.css?body=1" for 127.0.0.1 at 2013-10-20 14:24:52 +0530
Served asset /home.css - 304 Not Modified (0ms)


Started GET "/assets/jquery.js?body=1" for 127.0.0.1 at 2013-10-20 14:24:52 +0530
Served asset /jquery.js - 304 Not Modified (0ms)


Started GET "/assets/user.css?body=1" for 127.0.0.1 at 2013-10-20 14:24:52 +0530
Served asset /user.css - 200 OK (1ms)


Started GET "/assets/jquery_ujs.js?body=1" for 127.0.0.1 at 2013-10-20 14:24:52 +0530
Served asset /jquery_ujs.js - 304 Not Modified (0ms)


Started GET "/assets/home.js?body=1" for 127.0.0.1 at 2013-10-20 14:24:52 +0530
Served asset /home.js - 304 Not Modified (0ms)


Started GET "/assets/user.js?body=1" for 127.0.0.1 at 2013-10-20 14:24:52 +0530
Served asset /user.js - 200 OK (1ms)


Started GET "/assets/application.js?body=1" for 127.0.0.1 at 2013-10-20 14:24:52 +0530
Served asset /application.js - 304 Not Modified (6ms)


Started GET "/users" for 127.0.0.1 at 2013-10-20 14:24:58 +0530

ActionController::RoutingError (No route matches [GET] "/users"):
  actionpack (3.2.15) lib/action_dispatch/middleware/debug_exceptions.rb:21:in `call'
  actionpack (3.2.15) lib/action_dispatch/middleware/show_exceptions.rb:56:in `call'
  railties (3.2.15) lib/rails/rack/logger.rb:32:in `call_app'
  railties (3.2.15) lib/rails/rack/logger.rb:16:in `block in call'
  activesupport (3.2.15) lib/active_support/tagged_logging.rb:22:in `tagged'
  railties (3.2.15) lib/rails/rack/logger.rb:16:in `call'
  actionpack (3.2.15) lib/action_dispatch/middleware/request_id.rb:22:in `call'
  rack (1.4.5) lib/rack/methodoverride.rb:21:in `call'
  rack (1.4.5) lib/rack/runtime.rb:17:in `call'
  activesupport (3.2.15) lib/active_support/cache/strategy/local_cache.rb:72:in `call'
  rack (1.4.5) lib/rack/lock.rb:15:in `call'
  actionpack (3.2.15) lib/action_dispatch/middleware/static.rb:63:in `call'
  railties (3.2.15) lib/rails/engine.rb:484:in `call'
  railties (3.2.15) lib/rails/application.rb:231:in `call'
  rack (1.4.5) lib/rack/content_length.rb:14:in `call'
  railties (3.2.15) lib/rails/rack/log_tailer.rb:17:in `call'
  rack (1.4.5) lib/rack/handler/webrick.rb:59:in `service'
  /Users/atverma/.rvm/rubies/ruby-1.9.3-p385/lib/ruby/1.9.1/webrick/httpserver.rb:138:in `service'
  /Users/atverma/.rvm/rubies/ruby-1.9.3-p385/lib/ruby/1.9.1/webrick/httpserver.rb:94:in `run'
  /Users/atverma/.rvm/rubies/ruby-1.9.3-p385/lib/ruby/1.9.1/webrick/server.rb:191:in `block in start_thread'


  Rendered /Users/atverma/.rvm/gems/ruby-1.9.3-p385@hah/gems/actionpack-3.2.15/lib/action_dispatch/middleware/templates/rescues/routing_error.erb within rescues/layout (0.7ms)
Connecting to database specified by database.yml
Connecting to database specified by database.yml


Started GET "/users" for 127.0.0.1 at 2013-10-20 14:26:06 +0530
Processing by UserController#index as HTML
  [1m[36mUser Load (0.1ms)[0m  [1mSELECT "users".* FROM "users" WHERE "users"."id" = 2 LIMIT 1[0m
  [1m[35mUser Load (0.2ms)[0m  SELECT "users".* FROM "users" 
  Rendered user/index.html.erb within layouts/application (1.5ms)
  Rendered devise/menu/_header_links.html.erb (0.7ms)
Completed 200 OK in 73.8ms (Views: 22.7ms | ActiveRecord: 1.8ms)


Started GET "/assets/application.css?body=1" for 127.0.0.1 at 2013-10-20 14:26:06 +0530
Served asset /application.css - 304 Not Modified (2ms)


Started GET "/assets/home.css?body=1" for 127.0.0.1 at 2013-10-20 14:26:06 +0530
Served asset /home.css - 304 Not Modified (1ms)


Started GET "/assets/user.css?body=1" for 127.0.0.1 at 2013-10-20 14:26:06 +0530
Served asset /user.css - 304 Not Modified (2ms)


Started GET "/assets/jquery.js?body=1" for 127.0.0.1 at 2013-10-20 14:26:06 +0530
Served asset /jquery.js - 304 Not Modified (2ms)


Started GET "/assets/jquery_ujs.js?body=1" for 127.0.0.1 at 2013-10-20 14:26:06 +0530
Served asset /jquery_ujs.js - 304 Not Modified (2ms)


Started GET "/assets/home.js?body=1" for 127.0.0.1 at 2013-10-20 14:26:06 +0530
Served asset /home.js - 304 Not Modified (1ms)


Started GET "/assets/user.js?body=1" for 127.0.0.1 at 2013-10-20 14:26:06 +0530
Served asset /user.js - 304 Not Modified (1ms)


Started GET "/assets/application.js?body=1" for 127.0.0.1 at 2013-10-20 14:26:06 +0530
Served asset /application.js - 304 Not Modified (4ms)


Started GET "/users" for 127.0.0.1 at 2013-10-20 14:27:52 +0530
Processing by UserController#index as HTML
  [1m[36mUser Load (0.2ms)[0m  [1mSELECT "users".* FROM "users" WHERE "users"."id" = 2 LIMIT 1[0m
  [1m[35mUser Load (0.1ms)[0m  SELECT "users".* FROM "users" 
  Rendered user/index.html.erb within layouts/application (3.7ms)
Completed 500 Internal Server Error in 6.7ms

ActionView::Template::Error (wrong number of arguments (0 for 1)):
    2: <table>
    3:   - @users.each do |u|
    4:     <tr>
    5:       <td> <%= u.name %></td>
    6:     </tr>
    7: 
    8: </table>
  app/views/user/index.html.erb:5:in `_app_views_user_index_html_erb___2492996023952107451_70154466310660'


  Rendered /Users/atverma/.rvm/gems/ruby-1.9.3-p385@hah/gems/actionpack-3.2.15/lib/action_dispatch/middleware/templates/rescues/_trace.erb (1.2ms)
  Rendered /Users/atverma/.rvm/gems/ruby-1.9.3-p385@hah/gems/actionpack-3.2.15/lib/action_dispatch/middleware/templates/rescues/_request_and_response.erb (1.0ms)
  Rendered /Users/atverma/.rvm/gems/ruby-1.9.3-p385@hah/gems/actionpack-3.2.15/lib/action_dispatch/middleware/templates/rescues/template_error.erb within rescues/layout (8.8ms)
Connecting to database specified by database.yml
Connecting to database specified by database.yml


Started GET "/users" for 127.0.0.1 at 2013-10-20 14:29:28 +0530
Processing by UserController#index as HTML
  [1m[36mUser Load (0.1ms)[0m  [1mSELECT "users".* FROM "users" WHERE "users"."id" = 2 LIMIT 1[0m
  [1m[35mUser Load (0.2ms)[0m  SELECT "users".* FROM "users" 
  Rendered user/index.html.erb within layouts/application (5.3ms)
Completed 500 Internal Server Error in 64.8ms

ActionView::Template::Error (wrong number of arguments (0 for 1)):
    2: <table>
    3:   - @users.each do |u|
    4:     <tr>
    5:       <td> <%= u.email %></td>
    6:     </tr>
    7: 
    8: </table>
  app/views/user/index.html.erb:5:in `_app_views_user_index_html_erb__4123654296560972266_70286473833740'


  Rendered /Users/atverma/.rvm/gems/ruby-1.9.3-p385@hah/gems/actionpack-3.2.15/lib/action_dispatch/middleware/templates/rescues/_trace.erb (0.9ms)
  Rendered /Users/atverma/.rvm/gems/ruby-1.9.3-p385@hah/gems/actionpack-3.2.15/lib/action_dispatch/middleware/templates/rescues/_request_and_response.erb (0.7ms)
  Rendered /Users/atverma/.rvm/gems/ruby-1.9.3-p385@hah/gems/actionpack-3.2.15/lib/action_dispatch/middleware/templates/rescues/template_error.erb within rescues/layout (6.0ms)


Started GET "/users" for 127.0.0.1 at 2013-10-20 14:29:50 +0530
Processing by UserController#index as HTML
  [1m[36mUser Load (0.3ms)[0m  [1mSELECT "users".* FROM "users" WHERE "users"."id" = 2 LIMIT 1[0m
  [1m[35mUser Load (0.2ms)[0m  SELECT "users".* FROM "users" 
  Rendered user/index.html.erb within layouts/application (0.4ms)
  Rendered devise/menu/_header_links.html.erb (1.0ms)
Completed 200 OK in 22.2ms (Views: 19.9ms | ActiveRecord: 0.5ms)


Started GET "/assets/application.css?body=1" for 127.0.0.1 at 2013-10-20 14:29:50 +0530
Served asset /application.css - 304 Not Modified (7ms)


Started GET "/assets/home.css?body=1" for 127.0.0.1 at 2013-10-20 14:29:50 +0530
Served asset /home.css - 304 Not Modified (1ms)


Started GET "/assets/user.css?body=1" for 127.0.0.1 at 2013-10-20 14:29:50 +0530
Served asset /user.css - 304 Not Modified (1ms)


Started GET "/assets/home.js?body=1" for 127.0.0.1 at 2013-10-20 14:29:50 +0530
Served asset /home.js - 304 Not Modified (1ms)


Started GET "/assets/jquery_ujs.js?body=1" for 127.0.0.1 at 2013-10-20 14:29:50 +0530
Served asset /jquery_ujs.js - 304 Not Modified (1ms)


Started GET "/assets/jquery.js?body=1" for 127.0.0.1 at 2013-10-20 14:29:50 +0530
Served asset /jquery.js - 304 Not Modified (2ms)


Started GET "/assets/user.js?body=1" for 127.0.0.1 at 2013-10-20 14:29:50 +0530
Served asset /user.js - 304 Not Modified (1ms)


Started GET "/assets/application.js?body=1" for 127.0.0.1 at 2013-10-20 14:29:50 +0530
Served asset /application.js - 304 Not Modified (7ms)


Started GET "/users" for 127.0.0.1 at 2013-10-20 14:30:00 +0530
Processing by UserController#index as HTML
  [1m[36mUser Load (0.2ms)[0m  [1mSELECT "users".* FROM "users" WHERE "users"."id" = 2 LIMIT 1[0m
  [1m[35mUser Load (0.1ms)[0m  SELECT "users".* FROM "users" 
  Rendered user/index.html.erb within layouts/application (22.0ms)
Completed 500 Internal Server Error in 25.4ms

ActionView::Template::Error (wrong number of arguments (0 for 1)):
    2: <table>
    3:   = @users.each do |u|
    4:     <tr>
    5:       <td> <%= u.email %></td>
    6:     </tr>
    7: 
    8: </table>
  app/views/user/index.html.erb:5:in `_app_views_user_index_html_erb__4123654296560972266_70286473067460'


  Rendered /Users/atverma/.rvm/gems/ruby-1.9.3-p385@hah/gems/actionpack-3.2.15/lib/action_dispatch/middleware/templates/rescues/_trace.erb (1.0ms)
  Rendered /Users/atverma/.rvm/gems/ruby-1.9.3-p385@hah/gems/actionpack-3.2.15/lib/action_dispatch/middleware/templates/rescues/_request_and_response.erb (0.7ms)
  Rendered /Users/atverma/.rvm/gems/ruby-1.9.3-p385@hah/gems/actionpack-3.2.15/lib/action_dispatch/middleware/templates/rescues/template_error.erb within rescues/layout (6.3ms)


Started GET "/users" for 127.0.0.1 at 2013-10-20 14:30:32 +0530
Processing by UserController#index as HTML
  [1m[36mUser Load (0.2ms)[0m  [1mSELECT "users".* FROM "users" WHERE "users"."id" = 2 LIMIT 1[0m
  [1m[35mUser Load (0.1ms)[0m  SELECT "users".* FROM "users" 
  Rendered user/index.html.erb within layouts/application (0.4ms)
  Rendered devise/menu/_header_links.html.erb (0.5ms)
Completed 200 OK in 6.4ms (Views: 5.0ms | ActiveRecord: 0.2ms)


Started GET "/assets/application.css?body=1" for 127.0.0.1 at 2013-10-20 14:30:32 +0530
Served asset /application.css - 304 Not Modified (0ms)


Started GET "/assets/home.js?body=1" for 127.0.0.1 at 2013-10-20 14:30:32 +0530
Served asset /home.js - 304 Not Modified (0ms)


Started GET "/assets/home.css?body=1" for 127.0.0.1 at 2013-10-20 14:30:32 +0530
Served asset /home.css - 304 Not Modified (0ms)


Started GET "/assets/jquery_ujs.js?body=1" for 127.0.0.1 at 2013-10-20 14:30:32 +0530
Served asset /jquery_ujs.js - 304 Not Modified (0ms)


Started GET "/assets/user.css?body=1" for 127.0.0.1 at 2013-10-20 14:30:32 +0530
Served asset /user.css - 304 Not Modified (0ms)


Started GET "/assets/jquery.js?body=1" for 127.0.0.1 at 2013-10-20 14:30:32 +0530
Served asset /jquery.js - 304 Not Modified (0ms)


Started GET "/assets/user.js?body=1" for 127.0.0.1 at 2013-10-20 14:30:32 +0530
Served asset /user.js - 304 Not Modified (0ms)


Started GET "/assets/application.js?body=1" for 127.0.0.1 at 2013-10-20 14:30:32 +0530
Served asset /application.js - 304 Not Modified (0ms)


Started GET "/users/edit" for 127.0.0.1 at 2013-10-20 14:32:26 +0530
Processing by Devise::RegistrationsController#edit as HTML
  [1m[36mUser Load (0.2ms)[0m  [1mSELECT "users".* FROM "users" WHERE "users"."id" = 2 LIMIT 1[0m
  Rendered devise/registrations/edit.html.erb within layouts/application (9.2ms)
  Rendered devise/menu/_header_links.html.erb (0.2ms)
Completed 200 OK in 16.2ms (Views: 14.6ms | ActiveRecord: 0.2ms)


Started GET "/assets/application.css?body=1" for 127.0.0.1 at 2013-10-20 14:32:26 +0530
Served asset /application.css - 304 Not Modified (0ms)


Started GET "/assets/home.css?body=1" for 127.0.0.1 at 2013-10-20 14:32:26 +0530
Served asset /home.css - 304 Not Modified (0ms)


Started GET "/assets/jquery_ujs.js?body=1" for 127.0.0.1 at 2013-10-20 14:32:26 +0530
Served asset /jquery_ujs.js - 304 Not Modified (0ms)


Started GET "/assets/user.css?body=1" for 127.0.0.1 at 2013-10-20 14:32:26 +0530
Served asset /user.css - 304 Not Modified (0ms)


Started GET "/assets/home.js?body=1" for 127.0.0.1 at 2013-10-20 14:32:26 +0530
Served asset /home.js - 304 Not Modified (0ms)


Started GET "/assets/jquery.js?body=1" for 127.0.0.1 at 2013-10-20 14:32:26 +0530
Served asset /jquery.js - 304 Not Modified (0ms)


Started GET "/assets/user.js?body=1" for 127.0.0.1 at 2013-10-20 14:32:26 +0530
Served asset /user.js - 304 Not Modified (0ms)


Started GET "/assets/application.js?body=1" for 127.0.0.1 at 2013-10-20 14:32:26 +0530
Served asset /application.js - 304 Not Modified (0ms)
Connecting to database specified by database.yml


Started GET "/users" for 127.0.0.1 at 2013-10-20 14:33:33 +0530
Processing by UserController#index as HTML
  [1m[35mUser Load (0.2ms)[0m  SELECT "users".* FROM "users" WHERE "users"."id" = 2 LIMIT 1
  [1m[36mUser Load (0.1ms)[0m  [1mSELECT "users".* FROM "users" [0m
  Rendered user/index.html.erb within layouts/application (0.4ms)
Completed 500 Internal Server Error in 11.9ms

ActionView::Template::Error (couldn't find file 'twitter-bootstrap-static/bootstrap'
  (in /Users/atverma/projects/studypad/content_publishing/app/assets/stylesheets/bootstrap_and_overrides.css:2)):
    2: <html>
    3: <head>
    4: <title>ContentPublishing</title>
    5: <%= stylesheet_link_tag    "application", :media => "all" %>
    6: <%= javascript_include_tag "application" %>
    7: <%= csrf_meta_tags %>
    8: </head>
  app/views/layouts/application.html.erb:5:in `_app_views_layouts_application_html_erb___1487222433052499149_70286473854720'


  Rendered /Users/atverma/.rvm/gems/ruby-1.9.3-p385@hah/gems/actionpack-3.2.15/lib/action_dispatch/middleware/templates/rescues/_trace.erb (1.2ms)
  Rendered /Users/atverma/.rvm/gems/ruby-1.9.3-p385@hah/gems/actionpack-3.2.15/lib/action_dispatch/middleware/templates/rescues/_request_and_response.erb (1.1ms)
  Rendered /Users/atverma/.rvm/gems/ruby-1.9.3-p385@hah/gems/actionpack-3.2.15/lib/action_dispatch/middleware/templates/rescues/template_error.erb within rescues/layout (7.4ms)
Connecting to database specified by database.yml
